<?xml version="1.0" encoding="UTF-8"?>
<Site BuildName="(empty)"
	BuildStamp="20240915-0052-Experimental"
	Name="(empty)"
	Generator="ctest-3.27.8"
	CompilerName=""
	CompilerVersion=""
	OSName="macOS"
	Hostname="WalterdeMacBook-Air.local"
	OSRelease="13.4"
	OSVersion="22F66"
	OSPlatform="arm64"
	Is64Bits="1"
	VendorString="IBM"
	VendorID="IBM"
	FamilyID="16777228"
	ModelID="2"
	ProcessorCacheSize="131072"
	NumberOfLogicalCPU="8"
	NumberOfPhysicalCPU="8"
	TotalVirtualMemory="8192"
	TotalPhysicalMemory="16384"
	LogicalProcessorsPerPhysical="8"
	ProcessorClockFrequency="0"
	>
	<Testing>
		<StartDateTime>Sep 15 08:52 CST</StartDateTime>
		<StartTestTime>1726361555</StartTestTime>
		<TestList/>
		<EndDateTime>Sep 15 08:52 CST</EndDateTime>
		<EndTestTime>1726361555</EndTestTime>
		<ElapsedMinutes>0</ElapsedMinutes>
	</Testing>
</Site>
