<?xml version="1.0" encoding="UTF-8"?>
<testsuites tests="3" failures="0" disabled="0" errors="0" time="0." timestamp="2024-08-18T11:36:54.197" name="AllTests">
  <testsuite name="KataHelperTest" tests="3" failures="0" disabled="0" skipped="0" errors="0" time="0." timestamp="2024-08-18T11:36:54.197">
    <testcase name="merge_sort" file="/Users/walter/workspace/walter/code-kata/cpp_kata/test/kata_helper_test.cpp" line="22" status="run" result="completed" time="0." timestamp="2024-08-18T11:36:54.197" classname="KataHelperTest" />
    <testcase name="quick_sort" file="/Users/walter/workspace/walter/code-kata/cpp_kata/test/kata_helper_test.cpp" line="38" status="run" result="completed" time="0." timestamp="2024-08-18T11:36:54.197" classname="KataHelperTest" />
    <testcase name="insert_sort" file="/Users/walter/workspace/walter/code-kata/cpp_kata/test/kata_helper_test.cpp" line="55" status="run" result="completed" time="0." timestamp="2024-08-18T11:36:54.198" classname="KataHelperTest" />
  </testsuite>
</testsuites>
